TN:
SF:js/physics.js
FN:47,(anonymous_0)
FN:67,(anonymous_1)
FN:75,(anonymous_2)
FN:83,(anonymous_3)
FN:93,(anonymous_4)
FN:102,(anonymous_5)
FN:112,(anonymous_6)
FN:138,(anonymous_7)
FN:162,(anonymous_8)
FN:188,(anonymous_9)
FN:192,(anonymous_10)
FN:200,(anonymous_11)
FN:207,(anonymous_12)
FN:238,(anonymous_13)
FN:239,(anonymous_14)
FN:283,(anonymous_15)
FN:284,(anonymous_16)
FN:320,(anonymous_17)
FN:321,(anonymous_18)
FN:322,(anonymous_19)
FN:323,(anonymous_20)
FN:324,(anonymous_21)
FN:325,(anonymous_22)
FN:326,(anonymous_23)
FN:342,(anonymous_24)
FN:373,(anonymous_25)
FN:384,(anonymous_26)
FN:393,(anonymous_27)
FN:403,(anonymous_28)
FN:406,(anonymous_29)
FN:421,(anonymous_30)
FN:433,(anonymous_31)
FN:438,(anonymous_32)
FN:453,(anonymous_33)
FN:470,(anonymous_34)
FN:480,(anonymous_35)
FN:561,(anonymous_36)
FN:599,(anonymous_37)
FN:608,(anonymous_38)
FN:617,(anonymous_39)
FN:634,(anonymous_40)
FN:648,(anonymous_41)
FN:784,(anonymous_42)
FN:822,(anonymous_43)
FN:831,(anonymous_44)
FN:840,(anonymous_45)
FN:844,(anonymous_46)
FN:855,(anonymous_47)
FN:859,(anonymous_48)
FN:883,(anonymous_49)
FN:901,(anonymous_50)
FN:906,(anonymous_51)
FN:910,(anonymous_52)
FN:922,(anonymous_53)
FN:957,(anonymous_54)
FN:1151,(anonymous_55)
FN:1164,(anonymous_56)
FN:1180,(anonymous_57)
FN:1196,(anonymous_58)
FN:1233,(anonymous_59)
FN:1268,(anonymous_60)
FN:1277,(anonymous_61)
FN:1286,(anonymous_62)
FN:1304,(anonymous_63)
FN:1384,(anonymous_64)
FN:1395,(anonymous_65)
FN:1406,(anonymous_66)
FN:1423,(anonymous_67)
FN:1434,(anonymous_68)
FN:1498,(anonymous_69)
FN:1508,(anonymous_70)
FN:1518,(anonymous_71)
FN:1535,(anonymous_72)
FN:1541,(anonymous_73)
FN:1545,(anonymous_74)
FN:1574,(anonymous_75)
FNF:76
FNH:36
FNDA:20,(anonymous_0)
FNDA:63,(anonymous_1)
FNDA:0,(anonymous_2)
FNDA:0,(anonymous_3)
FNDA:0,(anonymous_4)
FNDA:0,(anonymous_5)
FNDA:13,(anonymous_6)
FNDA:38,(anonymous_7)
FNDA:22,(anonymous_8)
FNDA:17,(anonymous_9)
FNDA:4,(anonymous_10)
FNDA:13,(anonymous_11)
FNDA:2,(anonymous_12)
FNDA:140,(anonymous_13)
FNDA:23,(anonymous_14)
FNDA:151,(anonymous_15)
FNDA:150,(anonymous_16)
FNDA:13,(anonymous_17)
FNDA:0,(anonymous_18)
FNDA:0,(anonymous_19)
FNDA:0,(anonymous_20)
FNDA:0,(anonymous_21)
FNDA:0,(anonymous_22)
FNDA:0,(anonymous_23)
FNDA:2,(anonymous_24)
FNDA:73,(anonymous_25)
FNDA:24,(anonymous_26)
FNDA:26,(anonymous_27)
FNDA:34,(anonymous_28)
FNDA:28,(anonymous_29)
FNDA:1,(anonymous_30)
FNDA:1,(anonymous_31)
FNDA:0,(anonymous_32)
FNDA:15,(anonymous_33)
FNDA:15,(anonymous_34)
FNDA:0,(anonymous_35)
FNDA:0,(anonymous_36)
FNDA:0,(anonymous_37)
FNDA:0,(anonymous_38)
FNDA:0,(anonymous_39)
FNDA:0,(anonymous_40)
FNDA:0,(anonymous_41)
FNDA:0,(anonymous_42)
FNDA:0,(anonymous_43)
FNDA:0,(anonymous_44)
FNDA:0,(anonymous_45)
FNDA:0,(anonymous_46)
FNDA:6,(anonymous_47)
FNDA:0,(anonymous_48)
FNDA:13,(anonymous_49)
FNDA:23,(anonymous_50)
FNDA:13,(anonymous_51)
FNDA:4,(anonymous_52)
FNDA:13,(anonymous_53)
FNDA:0,(anonymous_54)
FNDA:0,(anonymous_55)
FNDA:0,(anonymous_56)
FNDA:2,(anonymous_57)
FNDA:0,(anonymous_58)
FNDA:2,(anonymous_59)
FNDA:0,(anonymous_60)
FNDA:0,(anonymous_61)
FNDA:0,(anonymous_62)
FNDA:0,(anonymous_63)
FNDA:0,(anonymous_64)
FNDA:0,(anonymous_65)
FNDA:0,(anonymous_66)
FNDA:0,(anonymous_67)
FNDA:0,(anonymous_68)
FNDA:0,(anonymous_69)
FNDA:0,(anonymous_70)
FNDA:150,(anonymous_71)
FNDA:150,(anonymous_72)
FNDA:150,(anonymous_73)
FNDA:0,(anonymous_74)
FNDA:35,(anonymous_75)
DA:13,4
DA:14,4
DA:15,4
DA:16,4
DA:17,4
DA:18,4
DA:19,4
DA:20,4
DA:21,4
DA:22,4
DA:23,4
DA:24,4
DA:25,4
DA:27,4
DA:30,4
DA:31,4
DA:32,4
DA:33,4
DA:34,4
DA:35,4
DA:36,4
DA:37,4
DA:38,4
DA:39,4
DA:40,4
DA:41,4
DA:44,4
DA:47,4
DA:48,20
DA:52,4
DA:67,4
DA:68,63
DA:75,4
DA:76,0
DA:83,4
DA:84,0
DA:93,4
DA:94,0
DA:95,0
DA:102,4
DA:103,0
DA:104,0
DA:112,4
DA:113,13
DA:114,13
DA:115,0
DA:129,4
DA:138,4
DA:139,38
DA:140,38
DA:141,38
DA:142,38
DA:143,36
DA:144,36
DA:145,36
DA:146,36
DA:147,5
DA:148,36
DA:149,36
DA:150,36
DA:151,36
DA:152,36
DA:154,38
DA:162,4
DA:163,22
DA:166,20
DA:169,20
DA:170,20
DA:171,1
DA:181,20
DA:188,20
DA:189,17
DA:190,17
DA:191,17
DA:192,4
DA:194,17
DA:195,17
DA:200,20
DA:201,13
DA:202,13
DA:206,20
DA:207,20
DA:208,2
DA:209,2
DA:210,2
DA:211,2
DA:212,6
DA:213,6
DA:214,6
DA:218,6
DA:222,6
DA:232,20
DA:235,20
DA:238,20
DA:239,140
DA:240,23
DA:242,10
DA:243,150
DA:244,150
DA:245,150
DA:250,150
DA:253,150
DA:254,150
DA:255,150
DA:267,10
DA:269,13
DA:274,20
DA:275,20
DA:276,20
DA:277,20
DA:278,20
DA:279,20
DA:280,20
DA:283,151
DA:284,150
DA:287,20
DA:288,20
DA:289,3
DA:290,3
DA:291,5
DA:292,3
DA:293,3
DA:294,3
DA:295,3
DA:296,3
DA:297,1
DA:298,1
DA:299,1
DA:300,1
DA:304,1
DA:308,1
DA:309,1
DA:310,1
DA:311,1
DA:312,1
DA:315,5
DA:320,20
DA:321,20
DA:322,20
DA:323,20
DA:324,20
DA:325,20
DA:326,20
DA:329,20
DA:330,20
DA:331,2
DA:337,2
DA:338,2
DA:339,2
DA:340,1
DA:341,1
DA:342,1
DA:343,2
DA:344,2
DA:345,2
DA:347,1
DA:348,1
DA:350,1
DA:354,20
DA:355,2
DA:356,2
DA:374,73
DA:375,73
DA:376,73
DA:377,73
DA:378,73
DA:379,73
DA:380,73
DA:381,73
DA:385,24
DA:386,23
DA:387,23
DA:388,23
DA:389,23
DA:390,23
DA:394,26
DA:395,25
DA:401,25
DA:403,34
DA:407,28
DA:408,27
DA:409,16
DA:410,16
DA:411,16
DA:412,12
DA:413,12
DA:414,12
DA:415,12
DA:418,15
DA:422,1
DA:434,1
DA:435,1
DA:455,15
DA:456,14
DA:458,1
DA:461,15
DA:462,15
DA:464,15
DA:465,15
DA:466,15
DA:467,15
DA:471,15
DA:472,7
DA:473,8
DA:474,7
DA:476,1
DA:481,0
DA:484,0
DA:486,0
DA:487,0
DA:489,0
DA:490,0
DA:493,0
DA:494,0
DA:497,0
DA:498,0
DA:499,0
DA:500,0
DA:502,0
DA:503,0
DA:504,0
DA:505,0
DA:511,0
DA:519,0
DA:520,0
DA:521,0
DA:522,0
DA:528,0
DA:536,0
DA:537,0
DA:538,0
DA:542,0
DA:544,0
DA:545,0
DA:546,0
DA:547,0
DA:548,0
DA:549,0
DA:550,0
DA:551,0
DA:552,0
DA:558,0
DA:562,0
DA:563,0
DA:564,0
DA:565,0
DA:566,0
DA:567,0
DA:568,0
DA:569,0
DA:570,0
DA:571,0
DA:572,0
DA:575,0
DA:577,0
DA:578,0
DA:579,0
DA:580,0
DA:581,0
DA:586,0
DA:587,0
DA:589,0
DA:590,0
DA:591,0
DA:592,0
DA:594,0
DA:596,0
DA:600,0
DA:601,0
DA:609,0
DA:610,0
DA:611,0
DA:619,0
DA:620,0
DA:622,0
DA:625,0
DA:626,0
DA:628,0
DA:629,0
DA:630,0
DA:631,0
DA:635,0
DA:636,0
DA:637,0
DA:638,0
DA:639,0
DA:640,0
DA:641,0
DA:642,0
DA:644,0
DA:649,0
DA:652,0
DA:654,0
DA:655,0
DA:657,0
DA:658,0
DA:660,0
DA:661,0
DA:663,0
DA:664,0
DA:667,0
DA:668,0
DA:671,0
DA:672,0
DA:673,0
DA:674,0
DA:676,0
DA:678,0
DA:680,0
DA:681,0
DA:682,0
DA:684,0
DA:685,0
DA:686,0
DA:688,0
DA:689,0
DA:690,0
DA:692,0
DA:693,0
DA:694,0
DA:697,0
DA:698,0
DA:699,0
DA:702,0
DA:703,0
DA:704,0
DA:705,0
DA:707,0
DA:708,0
DA:709,0
DA:718,0
DA:720,0
DA:721,0
DA:722,0
DA:731,0
DA:734,0
DA:735,0
DA:736,0
DA:737,0
DA:746,0
DA:755,0
DA:759,0
DA:760,0
DA:761,0
DA:765,0
DA:767,0
DA:768,0
DA:769,0
DA:770,0
DA:771,0
DA:772,0
DA:773,0
DA:774,0
DA:775,0
DA:781,0
DA:785,0
DA:786,0
DA:787,0
DA:788,0
DA:789,0
DA:790,0
DA:791,0
DA:792,0
DA:793,0
DA:794,0
DA:795,0
DA:798,0
DA:800,0
DA:801,0
DA:802,0
DA:803,0
DA:804,0
DA:809,0
DA:810,0
DA:812,0
DA:813,0
DA:814,0
DA:815,0
DA:817,0
DA:819,0
DA:823,0
DA:824,0
DA:832,0
DA:833,0
DA:834,0
DA:841,0
DA:845,0
DA:846,0
DA:847,0
DA:848,0
DA:849,0
DA:856,6
DA:860,0
DA:861,0
DA:866,0
DA:867,0
DA:868,0
DA:884,13
DA:885,13
DA:886,13
DA:887,13
DA:888,13
DA:890,13
DA:891,13
DA:892,13
DA:893,13
DA:894,13
DA:895,13
DA:896,13
DA:897,13
DA:898,13
DA:902,23
DA:903,23
DA:907,13
DA:908,2
DA:910,4
DA:912,2
DA:913,2
DA:914,2
DA:915,2
DA:916,2
DA:917,2
DA:918,2
DA:923,13
DA:924,0
DA:925,0
DA:927,0
DA:931,0
DA:932,0
DA:936,0
DA:939,13
DA:941,13
DA:945,13
DA:949,13
DA:954,13
DA:958,0
DA:959,0
DA:961,0
DA:962,0
DA:963,0
DA:964,0
DA:966,0
DA:967,0
DA:969,0
DA:970,0
DA:979,0
DA:980,0
DA:984,0
DA:988,0
DA:992,0
DA:996,0
DA:997,0
DA:998,0
DA:999,0
DA:1001,0
DA:1009,0
DA:1013,0
DA:1017,0
DA:1021,0
DA:1022,0
DA:1023,0
DA:1024,0
DA:1025,0
DA:1029,0
DA:1030,0
DA:1031,0
DA:1032,0
DA:1040,0
DA:1041,0
DA:1042,0
DA:1043,0
DA:1044,0
DA:1045,0
DA:1048,0
DA:1049,0
DA:1050,0
DA:1051,0
DA:1053,0
DA:1054,0
DA:1055,0
DA:1059,0
DA:1061,0
DA:1076,0
DA:1077,0
DA:1078,0
DA:1079,0
DA:1087,0
DA:1088,0
DA:1093,0
DA:1101,0
DA:1105,0
DA:1109,0
DA:1111,0
DA:1112,0
DA:1113,0
DA:1114,0
DA:1118,0
DA:1119,0
DA:1121,0
DA:1126,0
DA:1127,0
DA:1128,0
DA:1129,0
DA:1130,0
DA:1131,0
DA:1132,0
DA:1133,0
DA:1136,0
DA:1137,0
DA:1138,0
DA:1139,0
DA:1140,0
DA:1141,0
DA:1142,0
DA:1148,0
DA:1152,0
DA:1165,0
DA:1166,0
DA:1167,0
DA:1168,0
DA:1169,0
DA:1170,0
DA:1171,0
DA:1172,0
DA:1182,2
DA:1183,2
DA:1185,0
DA:1188,2
DA:1190,2
DA:1191,2
DA:1192,2
DA:1193,2
DA:1197,0
DA:1198,0
DA:1199,0
DA:1204,0
DA:1205,0
DA:1206,0
DA:1208,0
DA:1209,0
DA:1210,0
DA:1214,0
DA:1216,0
DA:1217,0
DA:1218,0
DA:1219,0
DA:1220,0
DA:1221,0
DA:1222,0
DA:1223,0
DA:1224,0
DA:1230,0
DA:1234,2
DA:1235,0
DA:1236,2
DA:1237,2
DA:1238,2
DA:1239,2
DA:1240,2
DA:1241,2
DA:1242,2
DA:1243,2
DA:1244,2
DA:1247,2
DA:1248,2
DA:1249,2
DA:1250,2
DA:1251,2
DA:1252,2
DA:1256,2
DA:1257,2
DA:1258,2
DA:1259,0
DA:1260,0
DA:1261,0
DA:1263,2
DA:1265,0
DA:1269,0
DA:1270,0
DA:1278,0
DA:1279,0
DA:1280,0
DA:1288,0
DA:1289,0
DA:1291,0
DA:1294,0
DA:1296,0
DA:1297,0
DA:1298,0
DA:1299,0
DA:1300,0
DA:1301,0
DA:1305,0
DA:1308,0
DA:1310,0
DA:1313,0
DA:1318,0
DA:1319,0
DA:1320,0
DA:1323,0
DA:1324,0
DA:1325,0
DA:1327,0
DA:1328,0
DA:1329,0
DA:1330,0
DA:1331,0
DA:1335,0
DA:1336,0
DA:1337,0
DA:1339,0
DA:1340,0
DA:1341,0
DA:1344,0
DA:1345,0
DA:1346,0
DA:1347,0
DA:1348,0
DA:1349,0
DA:1351,0
DA:1352,0
DA:1353,0
DA:1354,0
DA:1359,0
DA:1360,0
DA:1361,0
DA:1365,0
DA:1367,0
DA:1368,0
DA:1369,0
DA:1370,0
DA:1371,0
DA:1372,0
DA:1373,0
DA:1374,0
DA:1375,0
DA:1381,0
DA:1385,0
DA:1386,0
DA:1396,0
DA:1397,0
DA:1398,0
DA:1399,0
DA:1400,0
DA:1408,0
DA:1409,0
DA:1411,0
DA:1414,0
DA:1416,0
DA:1417,0
DA:1418,0
DA:1419,0
DA:1420,0
DA:1425,0
DA:1426,0
DA:1427,0
DA:1428,0
DA:1429,0
DA:1430,0
DA:1431,0
DA:1435,0
DA:1438,0
DA:1439,0
DA:1446,0
DA:1447,0
DA:1448,0
DA:1451,0
DA:1452,0
DA:1453,0
DA:1455,0
DA:1463,0
DA:1464,0
DA:1466,0
DA:1467,0
DA:1468,0
DA:1469,0
DA:1473,0
DA:1474,0
DA:1475,0
DA:1479,0
DA:1481,0
DA:1482,0
DA:1483,0
DA:1484,0
DA:1485,0
DA:1486,0
DA:1487,0
DA:1488,0
DA:1489,0
DA:1495,0
DA:1499,0
DA:1500,0
DA:1509,0
DA:1510,0
DA:1511,0
DA:1512,0
DA:1526,150
DA:1527,150
DA:1528,150
DA:1529,150
DA:1530,150
DA:1531,150
DA:1532,150
DA:1536,150
DA:1537,150
DA:1538,150
DA:1542,150
DA:1546,0
DA:1548,0
DA:1549,0
DA:1551,0
DA:1553,0
DA:1554,0
DA:1555,0
DA:1556,0
DA:1557,0
DA:1564,0
DA:1565,0
DA:1574,4
DA:1575,35
DA:1576,45
DA:1577,45
DA:1579,44
DA:1580,18
DA:1581,18
DA:1583,18
DA:1584,18
DA:1585,18
DA:1586,18
DA:1588,18
DA:1589,14
DA:1590,14
DA:1591,14
DA:1592,14
DA:1595,14
DA:1596,14
DA:1597,14
DA:1599,14
DA:1600,14
DA:1601,14
DA:1602,14
DA:1605,14
DA:1606,14
DA:1607,14
DA:1609,14
DA:1610,8
DA:1611,8
DA:1612,8
DA:1613,8
DA:1615,8
DA:1616,8
DA:1617,8
DA:1618,8
LF:753
LH:305
BRDA:94,0,0,0
BRDA:94,0,1,0
BRDA:103,1,0,0
BRDA:103,1,1,0
BRDA:112,2,0,13
BRDA:113,3,0,0
BRDA:113,3,1,13
BRDA:114,4,0,13
BRDA:114,4,1,0
BRDA:146,5,0,5
BRDA:146,5,1,31
BRDA:149,6,0,0
BRDA:149,6,1,36
BRDA:163,7,0,2
BRDA:163,7,1,20
BRDA:166,8,0,20
BRDA:166,8,1,0
BRDA:170,9,0,1
BRDA:170,9,1,19
BRDA:189,10,0,17
BRDA:189,10,1,0
BRDA:191,11,0,2
BRDA:191,11,1,15
BRDA:208,12,0,2
BRDA:208,12,1,0
BRDA:208,13,0,2
BRDA:208,13,1,2
BRDA:208,13,2,2
BRDA:210,14,0,2
BRDA:210,14,1,0
BRDA:240,15,0,10
BRDA:240,15,1,13
BRDA:240,16,0,23
BRDA:240,16,1,23
BRDA:250,17,0,150
BRDA:250,17,1,120
BRDA:250,17,2,90
BRDA:254,18,0,150
BRDA:254,18,1,0
BRDA:288,19,0,23
BRDA:288,19,1,21
BRDA:296,20,0,1
BRDA:296,20,1,2
BRDA:315,21,0,1
BRDA:315,21,1,4
BRDA:320,22,0,13
BRDA:320,22,1,13
BRDA:321,23,0,0
BRDA:321,23,1,0
BRDA:322,24,0,0
BRDA:322,24,1,0
BRDA:323,25,0,0
BRDA:323,25,1,0
BRDA:324,26,0,0
BRDA:324,26,1,0
BRDA:325,27,0,0
BRDA:325,27,1,0
BRDA:326,28,0,0
BRDA:326,28,1,0
BRDA:330,29,0,2
BRDA:330,29,1,18
BRDA:338,30,0,2
BRDA:338,30,1,0
BRDA:338,31,0,2
BRDA:338,31,1,2
BRDA:339,32,0,1
BRDA:339,32,1,1
BRDA:347,33,0,1
BRDA:347,33,1,0
BRDA:354,34,0,2
BRDA:354,34,1,18
BRDA:354,35,0,20
BRDA:354,35,1,2
BRDA:373,36,0,47
BRDA:385,37,0,1
BRDA:385,37,1,23
BRDA:394,38,0,1
BRDA:394,38,1,25
BRDA:401,39,0,2
BRDA:401,39,1,23
BRDA:407,40,0,1
BRDA:407,40,1,27
BRDA:411,41,0,12
BRDA:411,41,1,4
BRDA:413,42,0,12
BRDA:413,42,1,0
BRDA:453,43,0,1
BRDA:455,44,0,14
BRDA:455,44,1,1
BRDA:471,45,0,7
BRDA:471,45,1,8
BRDA:472,46,0,4
BRDA:472,46,1,3
BRDA:473,47,0,7
BRDA:473,47,1,1
BRDA:484,48,0,0
BRDA:484,48,1,0
BRDA:484,48,2,0
BRDA:484,48,3,0
BRDA:502,49,0,0
BRDA:502,49,1,0
BRDA:502,50,0,0
BRDA:502,50,1,0
BRDA:519,51,0,0
BRDA:519,51,1,0
BRDA:519,52,0,0
BRDA:519,52,1,0
BRDA:544,53,0,0
BRDA:544,53,1,0
BRDA:562,54,0,0
BRDA:562,54,1,0
BRDA:562,55,0,0
BRDA:562,55,1,0
BRDA:562,55,2,0
BRDA:570,56,0,0
BRDA:570,56,1,0
BRDA:575,57,0,0
BRDA:575,57,1,0
BRDA:578,58,0,0
BRDA:578,58,1,0
BRDA:589,59,0,0
BRDA:589,59,1,0
BRDA:617,60,0,0
BRDA:619,61,0,0
BRDA:619,61,1,0
BRDA:635,62,0,0
BRDA:635,62,1,0
BRDA:637,63,0,0
BRDA:637,63,1,0
BRDA:639,64,0,0
BRDA:639,64,1,0
BRDA:641,65,0,0
BRDA:641,65,1,0
BRDA:652,66,0,0
BRDA:652,66,1,0
BRDA:652,66,2,0
BRDA:652,66,3,0
BRDA:652,66,4,0
BRDA:652,66,5,0
BRDA:676,67,0,0
BRDA:676,67,1,0
BRDA:678,68,0,0
BRDA:678,68,1,0
BRDA:678,68,2,0
BRDA:678,68,3,0
BRDA:678,68,4,0
BRDA:678,68,5,0
BRDA:702,69,0,0
BRDA:702,69,1,0
BRDA:734,70,0,0
BRDA:734,70,1,0
BRDA:767,71,0,0
BRDA:767,71,1,0
BRDA:785,72,0,0
BRDA:785,72,1,0
BRDA:785,73,0,0
BRDA:785,73,1,0
BRDA:785,73,2,0
BRDA:793,74,0,0
BRDA:793,74,1,0
BRDA:798,75,0,0
BRDA:798,75,1,0
BRDA:801,76,0,0
BRDA:801,76,1,0
BRDA:812,77,0,0
BRDA:812,77,1,0
BRDA:883,78,0,12
BRDA:907,79,0,2
BRDA:907,79,1,11
BRDA:923,80,0,0
BRDA:923,80,1,13
BRDA:961,81,0,0
BRDA:961,81,1,0
BRDA:966,82,0,0
BRDA:966,82,1,0
BRDA:1029,83,0,0
BRDA:1029,83,1,0
BRDA:1053,84,0,0
BRDA:1053,84,1,0
BRDA:1128,85,0,0
BRDA:1128,85,1,0
BRDA:1130,86,0,0
BRDA:1130,86,1,0
BRDA:1132,87,0,0
BRDA:1132,87,1,0
BRDA:1168,88,0,0
BRDA:1168,88,1,0
BRDA:1169,89,0,0
BRDA:1169,89,1,0
BRDA:1170,90,0,0
BRDA:1170,90,1,0
BRDA:1171,91,0,0
BRDA:1171,91,1,0
BRDA:1180,92,0,0
BRDA:1182,93,0,2
BRDA:1182,93,1,0
BRDA:1198,94,0,0
BRDA:1198,94,1,0
BRDA:1216,95,0,0
BRDA:1216,95,1,0
BRDA:1234,96,0,0
BRDA:1234,96,1,2
BRDA:1234,97,0,2
BRDA:1234,97,1,2
BRDA:1234,97,2,2
BRDA:1242,98,0,2
BRDA:1242,98,1,0
BRDA:1247,99,0,0
BRDA:1247,99,1,2
BRDA:1249,100,0,2
BRDA:1249,100,1,0
BRDA:1258,101,0,0
BRDA:1258,101,1,2
BRDA:1286,102,0,0
BRDA:1288,103,0,0
BRDA:1288,103,1,0
BRDA:1323,104,0,0
BRDA:1323,104,1,0
BRDA:1335,105,0,0
BRDA:1335,105,1,0
BRDA:1367,106,0,0
BRDA:1367,106,1,0
BRDA:1398,107,0,0
BRDA:1398,107,1,0
BRDA:1399,108,0,0
BRDA:1399,108,1,0
BRDA:1400,109,0,0
BRDA:1400,109,1,0
BRDA:1406,110,0,0
BRDA:1408,111,0,0
BRDA:1408,111,1,0
BRDA:1425,112,0,0
BRDA:1425,112,1,0
BRDA:1427,113,0,0
BRDA:1427,113,1,0
BRDA:1429,114,0,0
BRDA:1429,114,1,0
BRDA:1451,115,0,0
BRDA:1451,115,1,0
BRDA:1481,116,0,0
BRDA:1481,116,1,0
BRDA:1511,117,0,0
BRDA:1511,117,1,0
BRDA:1512,118,0,0
BRDA:1512,118,1,0
BRDA:1521,119,0,0
BRDA:1522,120,0,0
BRDA:1523,121,0,0
BRDA:1524,122,0,0
BRDA:1551,123,0,0
BRDA:1551,123,1,0
BRDA:1551,124,0,0
BRDA:1551,124,1,0
BRDA:1577,125,0,1
BRDA:1577,125,1,44
BRDA:1581,126,0,0
BRDA:1581,126,1,18
BRDA:1588,127,0,14
BRDA:1588,127,1,4
BRDA:1588,128,0,18
BRDA:1588,128,1,15
BRDA:1609,129,0,8
BRDA:1609,129,1,6
BRF:263
BRH:90
end_of_record
TN:
SF:js/render.js
FN:27,(anonymous_0)
FN:38,generateStarfield
FN:58,drawStarfield
FN:64,(anonymous_3)
FN:82,(anonymous_4)
FN:105,(anonymous_5)
FN:133,(anonymous_6)
FN:138,(anonymous_7)
FN:142,(anonymous_8)
FN:178,(anonymous_9)
FN:193,resizeCanvas
FNF:11
FNH:0
FNDA:0,(anonymous_0)
FNDA:0,generateStarfield
FNDA:0,drawStarfield
FNDA:0,(anonymous_3)
FNDA:0,(anonymous_4)
FNDA:0,(anonymous_5)
FNDA:0,(anonymous_6)
FNDA:0,(anonymous_7)
FNDA:0,(anonymous_8)
FNDA:0,(anonymous_9)
FNDA:0,resizeCanvas
DA:16,0
DA:17,0
DA:19,0
DA:20,0
DA:21,0
DA:27,0
DA:28,0
DA:29,0
DA:30,0
DA:31,0
DA:39,0
DA:40,0
DA:41,0
DA:42,0
DA:43,0
DA:44,0
DA:51,0
DA:59,0
DA:62,0
DA:64,0
DA:65,0
DA:66,0
DA:67,0
DA:74,0
DA:82,0
DA:83,0
DA:86,0
DA:87,0
DA:89,0
DA:90,0
DA:94,0
DA:97,0
DA:98,0
DA:106,0
DA:107,0
DA:111,0
DA:112,0
DA:113,0
DA:114,0
DA:115,0
DA:116,0
DA:118,0
DA:121,0
DA:125,0
DA:134,0
DA:138,0
DA:139,0
DA:142,0
DA:144,0
DA:147,0
DA:148,0
DA:149,0
DA:150,0
DA:151,0
DA:152,0
DA:153,0
DA:157,0
DA:158,0
DA:166,0
DA:168,0
DA:178,0
DA:179,0
DA:180,0
DA:181,0
DA:182,0
DA:183,0
DA:184,0
DA:185,0
DA:194,0
DA:195,0
DA:196,0
DA:197,0
DA:198,0
DA:199,0
DA:200,0
DA:203,0
LF:76
LH:0
BRDA:59,0,0,0
BRDA:59,0,1,0
BRDA:97,1,0,0
BRDA:97,1,1,0
BRDA:106,2,0,0
BRDA:106,2,1,0
BRDA:106,3,0,0
BRDA:106,3,1,0
BRDA:108,4,0,0
BRDA:108,4,1,0
BRDA:108,4,2,0
BRDA:134,5,0,0
BRDA:134,5,1,0
BRDA:147,6,0,0
BRDA:147,6,1,0
BRDA:157,7,0,0
BRDA:157,7,1,0
BRDA:164,8,0,0
BRDA:164,8,1,0
BRDA:179,9,0,0
BRDA:179,9,1,0
BRDA:183,10,0,0
BRDA:183,10,1,0
BRF:23
BRH:0
end_of_record
TN:
SF:js/ui.js
FN:224,(anonymous_0)
FN:309,(anonymous_1)
FN:329,(anonymous_2)
FN:349,(anonymous_3)
FN:371,(anonymous_4)
FN:393,(anonymous_5)
FN:412,(anonymous_6)
FN:433,(anonymous_7)
FN:459,(anonymous_8)
FN:462,(anonymous_9)
FN:499,(anonymous_10)
FN:516,(anonymous_11)
FN:529,(anonymous_12)
FN:539,(anonymous_13)
FN:545,(anonymous_14)
FN:555,(anonymous_15)
FN:855,(anonymous_16)
FN:893,(anonymous_17)
FN:911,(anonymous_18)
FN:925,(anonymous_19)
FN:942,(anonymous_20)
FN:1059,(anonymous_21)
FN:1372,(anonymous_22)
FN:1377,updatePresetInfo
FN:1389,(anonymous_24)
FN:1417,(anonymous_25)
FN:1437,(anonymous_26)
FN:1446,(anonymous_27)
FN:1452,(anonymous_28)
FN:1465,(anonymous_29)
FN:1487,(anonymous_30)
FN:1497,(anonymous_31)
FN:1527,(anonymous_32)
FN:1542,(anonymous_33)
FN:1546,(anonymous_34)
FN:1555,(anonymous_35)
FN:1561,(anonymous_36)
FN:1562,(anonymous_37)
FN:1563,(anonymous_38)
FN:1564,(anonymous_39)
FN:1565,(anonymous_40)
FN:1566,(anonymous_41)
FN:1567,(anonymous_42)
FN:1568,(anonymous_43)
FN:1583,(anonymous_44)
FN:1609,(anonymous_45)
FN:1647,(anonymous_46)
FN:1656,(anonymous_47)
FN:1677,(anonymous_48)
FN:1703,(anonymous_49)
FN:1712,(anonymous_50)
FN:1747,(anonymous_51)
FN:1766,(anonymous_52)
FN:1799,(anonymous_53)
FN:1804,(anonymous_54)
FN:1810,(anonymous_55)
FN:1819,(anonymous_56)
FN:1827,(anonymous_57)
FN:1831,(anonymous_58)
FN:1840,(anonymous_59)
FN:1845,(anonymous_60)
FN:1851,(anonymous_61)
FN:1871,(anonymous_62)
FN:1879,(anonymous_63)
FN:1898,(anonymous_64)
FN:1905,(anonymous_65)
FN:1912,(anonymous_66)
FN:1957,(anonymous_67)
FN:2008,(anonymous_68)
FNF:69
FNH:0
FNDA:0,(anonymous_0)
FNDA:0,(anonymous_1)
FNDA:0,(anonymous_2)
FNDA:0,(anonymous_3)
FNDA:0,(anonymous_4)
FNDA:0,(anonymous_5)
FNDA:0,(anonymous_6)
FNDA:0,(anonymous_7)
FNDA:0,(anonymous_8)
FNDA:0,(anonymous_9)
FNDA:0,(anonymous_10)
FNDA:0,(anonymous_11)
FNDA:0,(anonymous_12)
FNDA:0,(anonymous_13)
FNDA:0,(anonymous_14)
FNDA:0,(anonymous_15)
FNDA:0,(anonymous_16)
FNDA:0,(anonymous_17)
FNDA:0,(anonymous_18)
FNDA:0,(anonymous_19)
FNDA:0,(anonymous_20)
FNDA:0,(anonymous_21)
FNDA:0,(anonymous_22)
FNDA:0,updatePresetInfo
FNDA:0,(anonymous_24)
FNDA:0,(anonymous_25)
FNDA:0,(anonymous_26)
FNDA:0,(anonymous_27)
FNDA:0,(anonymous_28)
FNDA:0,(anonymous_29)
FNDA:0,(anonymous_30)
FNDA:0,(anonymous_31)
FNDA:0,(anonymous_32)
FNDA:0,(anonymous_33)
FNDA:0,(anonymous_34)
FNDA:0,(anonymous_35)
FNDA:0,(anonymous_36)
FNDA:0,(anonymous_37)
FNDA:0,(anonymous_38)
FNDA:0,(anonymous_39)
FNDA:0,(anonymous_40)
FNDA:0,(anonymous_41)
FNDA:0,(anonymous_42)
FNDA:0,(anonymous_43)
FNDA:0,(anonymous_44)
FNDA:0,(anonymous_45)
FNDA:0,(anonymous_46)
FNDA:0,(anonymous_47)
FNDA:0,(anonymous_48)
FNDA:0,(anonymous_49)
FNDA:0,(anonymous_50)
FNDA:0,(anonymous_51)
FNDA:0,(anonymous_52)
FNDA:0,(anonymous_53)
FNDA:0,(anonymous_54)
FNDA:0,(anonymous_55)
FNDA:0,(anonymous_56)
FNDA:0,(anonymous_57)
FNDA:0,(anonymous_58)
FNDA:0,(anonymous_59)
FNDA:0,(anonymous_60)
FNDA:0,(anonymous_61)
FNDA:0,(anonymous_62)
FNDA:0,(anonymous_63)
FNDA:0,(anonymous_64)
FNDA:0,(anonymous_65)
FNDA:0,(anonymous_66)
FNDA:0,(anonymous_67)
FNDA:0,(anonymous_68)
DA:30,0
DA:31,0
DA:34,0
DA:50,0
DA:53,0
DA:55,0
DA:99,0
DA:100,0
DA:102,0
DA:105,0
DA:224,0
DA:226,0
DA:227,0
DA:228,0
DA:229,0
DA:230,0
DA:231,0
DA:236,0
DA:237,0
DA:238,0
DA:239,0
DA:240,0
DA:241,0
DA:242,0
DA:247,0
DA:248,0
DA:249,0
DA:250,0
DA:251,0
DA:252,0
DA:253,0
DA:258,0
DA:259,0
DA:260,0
DA:261,0
DA:262,0
DA:263,0
DA:264,0
DA:269,0
DA:270,0
DA:271,0
DA:272,0
DA:273,0
DA:274,0
DA:275,0
DA:280,0
DA:281,0
DA:282,0
DA:283,0
DA:284,0
DA:285,0
DA:286,0
DA:291,0
DA:292,0
DA:293,0
DA:294,0
DA:295,0
DA:296,0
DA:297,0
DA:301,0
DA:309,0
DA:310,0
DA:311,0
DA:329,0
DA:330,0
DA:331,0
DA:349,0
DA:350,0
DA:371,0
DA:372,0
DA:393,0
DA:394,0
DA:412,0
DA:413,0
DA:414,0
DA:433,0
DA:434,0
DA:435,0
DA:459,0
DA:460,0
DA:462,0
DA:464,0
DA:466,0
DA:467,0
DA:469,0
DA:470,0
DA:472,0
DA:473,0
DA:475,0
DA:476,0
DA:478,0
DA:479,0
DA:481,0
DA:482,0
DA:484,0
DA:485,0
DA:487,0
DA:490,0
DA:493,0
DA:494,0
DA:499,0
DA:511,0
DA:512,0
DA:513,0
DA:516,0
DA:517,0
DA:518,0
DA:519,0
DA:520,0
DA:522,0
DA:529,0
DA:530,0
DA:531,0
DA:532,0
DA:539,0
DA:540,0
DA:541,0
DA:542,0
DA:543,0
DA:544,0
DA:545,0
DA:547,0
DA:555,0
DA:556,0
DA:557,0
DA:558,0
DA:559,0
DA:561,0
DA:562,0
DA:598,0
DA:599,0
DA:612,0
DA:613,0
DA:623,0
DA:624,0
DA:634,0
DA:635,0
DA:646,0
DA:647,0
DA:659,0
DA:660,0
DA:671,0
DA:672,0
DA:683,0
DA:684,0
DA:695,0
DA:696,0
DA:708,0
DA:709,0
DA:721,0
DA:722,0
DA:740,0
DA:741,0
DA:755,0
DA:756,0
DA:769,0
DA:770,0
DA:781,0
DA:782,0
DA:791,0
DA:792,0
DA:801,0
DA:802,0
DA:811,0
DA:812,0
DA:825,0
DA:826,0
DA:832,0
DA:833,0
DA:841,0
DA:842,0
DA:852,0
DA:855,0
DA:856,0
DA:857,0
DA:861,0
DA:863,0
DA:864,0
DA:866,0
DA:867,0
DA:869,0
DA:870,0
DA:872,0
DA:873,0
DA:875,0
DA:879,0
DA:889,0
DA:891,0
DA:893,0
DA:895,0
DA:896,0
DA:897,0
DA:898,0
DA:901,0
DA:903,0
DA:905,0
DA:906,0
DA:908,0
DA:911,0
DA:912,0
DA:913,0
DA:914,0
DA:915,0
DA:918,0
DA:919,0
DA:920,0
DA:922,0
DA:925,0
DA:926,0
DA:927,0
DA:928,0
DA:929,0
DA:930,0
DA:933,0
DA:934,0
DA:935,0
DA:937,0
DA:940,0
DA:941,0
DA:942,0
DA:943,0
DA:944,0
DA:945,0
DA:946,0
DA:949,0
DA:950,0
DA:951,0
DA:953,0
DA:958,0
DA:962,0
DA:963,0
DA:964,0
DA:965,0
DA:967,0
DA:968,0
DA:969,0
DA:970,0
DA:973,0
DA:977,0
DA:978,0
DA:979,0
DA:980,0
DA:982,0
DA:983,0
DA:984,0
DA:985,0
DA:988,0
DA:993,0
DA:994,0
DA:995,0
DA:996,0
DA:998,0
DA:999,0
DA:1000,0
DA:1001,0
DA:1005,0
DA:1006,0
DA:1008,0
DA:1009,0
DA:1010,0
DA:1011,0
DA:1012,0
DA:1014,0
DA:1015,0
DA:1016,0
DA:1017,0
DA:1019,0
DA:1022,0
DA:1024,0
DA:1025,0
DA:1026,0
DA:1027,0
DA:1028,0
DA:1031,0
DA:1032,0
DA:1033,0
DA:1036,0
DA:1039,0
DA:1040,0
DA:1041,0
DA:1042,0
DA:1043,0
DA:1045,0
DA:1046,0
DA:1047,0
DA:1048,0
DA:1050,0
DA:1059,0
DA:1060,0
DA:1061,0
DA:1062,0
DA:1065,0
DA:1067,0
DA:1068,0
DA:1070,0
DA:1071,0
DA:1072,0
DA:1073,0
DA:1074,0
DA:1075,0
DA:1076,0
DA:1077,0
DA:1078,0
DA:1079,0
DA:1080,0
DA:1083,0
DA:1084,0
DA:1088,0
DA:1089,0
DA:1090,0
DA:1091,0
DA:1094,0
DA:1095,0
DA:1102,0
DA:1103,0
DA:1107,0
DA:1108,0
DA:1112,0
DA:1113,0
DA:1117,0
DA:1118,0
DA:1122,0
DA:1123,0
DA:1124,0
DA:1129,0
DA:1133,0
DA:1372,0
DA:1373,0
DA:1374,0
DA:1375,0
DA:1378,0
DA:1379,0
DA:1380,0
DA:1381,0
DA:1382,0
DA:1383,0
DA:1385,0
DA:1386,0
DA:1389,0
DA:1390,0
DA:1391,0
DA:1392,0
DA:1393,0
DA:1394,0
DA:1395,0
DA:1398,0
DA:1399,0
DA:1400,0
DA:1401,0
DA:1402,0
DA:1403,0
DA:1405,0
DA:1406,0
DA:1407,0
DA:1408,0
DA:1409,0
DA:1410,0
DA:1411,0
DA:1412,0
DA:1413,0
DA:1414,0
DA:1417,0
DA:1419,0
DA:1422,0
DA:1423,0
DA:1426,0
DA:1430,0
DA:1432,0
DA:1433,0
DA:1434,0
DA:1435,0
DA:1436,0
DA:1437,0
DA:1438,0
DA:1439,0
DA:1440,0
DA:1441,0
DA:1443,0
DA:1444,0
DA:1445,0
DA:1446,0
DA:1447,0
DA:1448,0
DA:1449,0
DA:1450,0
DA:1452,0
DA:1453,0
DA:1454,0
DA:1455,0
DA:1456,0
DA:1457,0
DA:1460,0
DA:1461,0
DA:1462,0
DA:1463,0
DA:1464,0
DA:1465,0
DA:1466,0
DA:1468,0
DA:1471,0
DA:1473,0
DA:1474,0
DA:1475,0
DA:1476,0
DA:1477,0
DA:1478,0
DA:1479,0
DA:1482,0
DA:1483,0
DA:1487,0
DA:1488,0
DA:1489,0
DA:1490,0
DA:1497,0
DA:1498,0
DA:1499,0
DA:1500,0
DA:1501,0
DA:1502,0
DA:1505,0
DA:1506,0
DA:1507,0
DA:1509,0
DA:1510,0
DA:1512,0
DA:1513,0
DA:1515,0
DA:1516,0
DA:1517,0
DA:1518,0
DA:1519,0
DA:1520,0
DA:1521,0
DA:1523,0
DA:1524,0
DA:1525,0
DA:1527,0
DA:1528,0
DA:1529,0
DA:1530,0
DA:1531,0
DA:1534,0
DA:1535,0
DA:1536,0
DA:1538,0
DA:1542,0
DA:1543,0
DA:1546,0
DA:1547,0
DA:1555,0
DA:1556,0
DA:1557,0
DA:1561,0
DA:1562,0
DA:1563,0
DA:1564,0
DA:1565,0
DA:1566,0
DA:1567,0
DA:1568,0
DA:1571,0
DA:1572,0
DA:1574,0
DA:1575,0
DA:1583,0
DA:1584,0
DA:1585,0
DA:1587,0
DA:1588,0
DA:1589,0
DA:1590,0
DA:1592,0
DA:1593,0
DA:1594,0
DA:1595,0
DA:1596,0
DA:1597,0
DA:1598,0
DA:1599,0
DA:1600,0
DA:1601,0
DA:1602,0
DA:1603,0
DA:1604,0
DA:1605,0
DA:1606,0
DA:1607,0
DA:1608,0
DA:1609,0
DA:1610,0
DA:1611,0
DA:1612,0
DA:1613,0
DA:1614,0
DA:1615,0
DA:1616,0
DA:1617,0
DA:1618,0
DA:1619,0
DA:1620,0
DA:1621,0
DA:1622,0
DA:1623,0
DA:1624,0
DA:1625,0
DA:1626,0
DA:1627,0
DA:1628,0
DA:1629,0
DA:1630,0
DA:1633,0
DA:1634,0
DA:1635,0
DA:1636,0
DA:1638,0
DA:1639,0
DA:1647,0
DA:1648,0
DA:1649,0
DA:1656,0
DA:1657,0
DA:1658,0
DA:1659,0
DA:1660,0
DA:1661,0
DA:1663,0
DA:1664,0
DA:1666,0
DA:1667,0
DA:1668,0
DA:1669,0
DA:1671,0
DA:1672,0
DA:1677,0
DA:1678,0
DA:1679,0
DA:1680,0
DA:1682,0
DA:1683,0
DA:1685,0
DA:1686,0
DA:1687,0
DA:1690,0
DA:1691,0
DA:1692,0
DA:1695,0
DA:1696,0
DA:1697,0
DA:1698,0
DA:1699,0
DA:1703,0
DA:1704,0
DA:1705,0
DA:1706,0
DA:1707,0
DA:1708,0
DA:1712,0
DA:1713,0
DA:1714,0
DA:1715,0
DA:1716,0
DA:1717,0
DA:1718,0
DA:1722,0
DA:1724,0
DA:1725,0
DA:1726,0
DA:1727,0
DA:1728,0
DA:1729,0
DA:1730,0
DA:1731,0
DA:1732,0
DA:1733,0
DA:1734,0
DA:1736,0
DA:1737,0
DA:1738,0
DA:1739,0
DA:1740,0
DA:1741,0
DA:1745,0
DA:1748,0
DA:1749,0
DA:1750,0
DA:1751,0
DA:1752,0
DA:1753,0
DA:1754,0
DA:1755,0
DA:1756,0
DA:1760,0
DA:1761,0
DA:1766,0
DA:1767,0
DA:1768,0
DA:1769,0
DA:1770,0
DA:1771,0
DA:1772,0
DA:1773,0
DA:1774,0
DA:1775,0
DA:1776,0
DA:1777,0
DA:1778,0
DA:1779,0
DA:1780,0
DA:1781,0
DA:1782,0
DA:1783,0
DA:1784,0
DA:1785,0
DA:1786,0
DA:1787,0
DA:1788,0
DA:1789,0
DA:1790,0
DA:1791,0
DA:1792,0
DA:1798,0
DA:1799,0
DA:1800,0
DA:1801,0
DA:1802,0
DA:1804,0
DA:1805,0
DA:1806,0
DA:1807,0
DA:1808,0
DA:1810,0
DA:1811,0
DA:1812,0
DA:1813,0
DA:1814,0
DA:1815,0
DA:1817,0
DA:1818,0
DA:1819,0
DA:1820,0
DA:1821,0
DA:1822,0
DA:1823,0
DA:1824,0
DA:1825,0
DA:1827,0
DA:1828,0
DA:1829,0
DA:1831,0
DA:1832,0
DA:1833,0
DA:1837,0
DA:1840,0
DA:1841,0
DA:1842,0
DA:1845,0
DA:1846,0
DA:1847,0
DA:1851,0
DA:1852,0
DA:1853,0
DA:1857,0
DA:1860,0
DA:1869,0
DA:1871,0
DA:1872,0
DA:1873,0
DA:1874,0
DA:1875,0
DA:1876,0
DA:1879,0
DA:1880,0
DA:1881,0
DA:1885,0
DA:1886,0
DA:1887,0
DA:1888,0
DA:1892,0
DA:1897,0
DA:1898,0
DA:1899,0
DA:1900,0
DA:1905,0
DA:1906,0
DA:1910,0
DA:1913,0
DA:1914,0
DA:1915,0
DA:1917,0
DA:1918,0
DA:1919,0
DA:1920,0
DA:1921,0
DA:1924,0
DA:1925,0
DA:1927,0
DA:1928,0
DA:1929,0
DA:1932,0
DA:1933,0
DA:1934,0
DA:1937,0
DA:1938,0
DA:1939,0
DA:1940,0
DA:1942,0
DA:1944,0
DA:1945,0
DA:1946,0
DA:1955,0
DA:1958,0
DA:1960,0
DA:1961,0
DA:1962,0
DA:1964,0
DA:1966,0
DA:1967,0
DA:1970,0
DA:1971,0
DA:1973,0
DA:1974,0
DA:1975,0
DA:1980,0
DA:1981,0
DA:1982,0
DA:1983,0
DA:1984,0
DA:1987,0
DA:1988,0
DA:1989,0
DA:1991,0
DA:1992,0
DA:1996,0
DA:1997,0
DA:2000,0
DA:2006,0
DA:2009,0
DA:2010,0
DA:2012,0
DA:2013,0
DA:2015,0
DA:2016,0
DA:2020,0
DA:2024,0
DA:2026,0
DA:2027,0
DA:2028,0
DA:2029,0
DA:2030,0
DA:2031,0
DA:2032,0
DA:2033,0
DA:2034,0
DA:2035,0
DA:2036,0
DA:2038,0
DA:2039,0
DA:2040,0
DA:2041,0
DA:2042,0
DA:2043,0
DA:2045,0
DA:2046,0
DA:2048,0
DA:2049,0
DA:2050,0
DA:2051,0
DA:2053,0
DA:2057,0
DA:2058,0
DA:2059,0
DA:2060,0
LF:772
LH:0
BRDA:230,0,0,0
BRDA:230,0,1,0
BRDA:237,1,0,0
BRDA:237,1,1,0
BRDA:241,2,0,0
BRDA:241,2,1,0
BRDA:248,3,0,0
BRDA:248,3,1,0
BRDA:252,4,0,0
BRDA:252,4,1,0
BRDA:259,5,0,0
BRDA:259,5,1,0
BRDA:263,6,0,0
BRDA:263,6,1,0
BRDA:270,7,0,0
BRDA:270,7,1,0
BRDA:274,8,0,0
BRDA:274,8,1,0
BRDA:281,9,0,0
BRDA:281,9,1,0
BRDA:285,10,0,0
BRDA:285,10,1,0
BRDA:292,11,0,0
BRDA:292,11,1,0
BRDA:296,12,0,0
BRDA:296,12,1,0
BRDA:330,13,0,0
BRDA:330,13,1,0
BRDA:356,14,0,0
BRDA:356,14,1,0
BRDA:367,15,0,0
BRDA:367,15,1,0
BRDA:378,16,0,0
BRDA:378,16,1,0
BRDA:389,17,0,0
BRDA:389,17,1,0
BRDA:413,18,0,0
BRDA:413,18,1,0
BRDA:434,19,0,0
BRDA:434,19,1,0
BRDA:448,20,0,0
BRDA:448,20,1,0
BRDA:464,21,0,0
BRDA:464,21,1,0
BRDA:464,21,2,0
BRDA:464,21,3,0
BRDA:464,21,4,0
BRDA:464,21,5,0
BRDA:464,21,6,0
BRDA:464,21,7,0
BRDA:517,22,0,0
BRDA:517,22,1,0
BRDA:517,23,0,0
BRDA:517,23,1,0
BRDA:519,24,0,0
BRDA:519,24,1,0
BRDA:541,25,0,0
BRDA:541,25,1,0
BRDA:541,26,0,0
BRDA:541,26,1,0
BRDA:557,27,0,0
BRDA:557,27,1,0
BRDA:561,28,0,0
BRDA:561,28,1,0
BRDA:598,29,0,0
BRDA:598,29,1,0
BRDA:612,30,0,0
BRDA:612,30,1,0
BRDA:623,31,0,0
BRDA:623,31,1,0
BRDA:634,32,0,0
BRDA:634,32,1,0
BRDA:646,33,0,0
BRDA:646,33,1,0
BRDA:659,34,0,0
BRDA:659,34,1,0
BRDA:671,35,0,0
BRDA:671,35,1,0
BRDA:683,36,0,0
BRDA:683,36,1,0
BRDA:695,37,0,0
BRDA:695,37,1,0
BRDA:708,38,0,0
BRDA:708,38,1,0
BRDA:721,39,0,0
BRDA:721,39,1,0
BRDA:740,40,0,0
BRDA:740,40,1,0
BRDA:755,41,0,0
BRDA:755,41,1,0
BRDA:769,42,0,0
BRDA:769,42,1,0
BRDA:781,43,0,0
BRDA:781,43,1,0
BRDA:791,44,0,0
BRDA:791,44,1,0
BRDA:801,45,0,0
BRDA:801,45,1,0
BRDA:811,46,0,0
BRDA:811,46,1,0
BRDA:825,47,0,0
BRDA:825,47,1,0
BRDA:832,48,0,0
BRDA:832,48,1,0
BRDA:841,49,0,0
BRDA:841,49,1,0
BRDA:861,50,0,0
BRDA:861,50,1,0
BRDA:861,50,2,0
BRDA:861,50,3,0
BRDA:861,50,4,0
BRDA:889,51,0,0
BRDA:889,51,1,0
BRDA:891,52,0,0
BRDA:891,52,1,0
BRDA:891,52,2,0
BRDA:891,52,3,0
BRDA:958,53,0,0
BRDA:958,53,1,0
BRDA:959,54,0,0
BRDA:959,54,1,0
BRDA:973,55,0,0
BRDA:973,55,1,0
BRDA:974,56,0,0
BRDA:974,56,1,0
BRDA:988,57,0,0
BRDA:988,57,1,0
BRDA:989,58,0,0
BRDA:989,58,1,0
BRDA:989,58,2,0
BRDA:1005,59,0,0
BRDA:1005,59,1,0
BRDA:1006,60,0,0
BRDA:1006,60,1,0
BRDA:1006,60,2,0
BRDA:1008,61,0,0
BRDA:1008,61,1,0
BRDA:1022,62,0,0
BRDA:1022,62,1,0
BRDA:1039,63,0,0
BRDA:1039,63,1,0
BRDA:1083,64,0,0
BRDA:1083,64,1,0
BRDA:1088,65,0,0
BRDA:1088,65,1,0
BRDA:1088,66,0,0
BRDA:1088,66,1,0
BRDA:1090,67,0,0
BRDA:1090,67,1,0
BRDA:1102,68,0,0
BRDA:1102,68,1,0
BRDA:1107,69,0,0
BRDA:1107,69,1,0
BRDA:1122,70,0,0
BRDA:1122,70,1,0
BRDA:1380,71,0,0
BRDA:1380,71,1,0
BRDA:1380,72,0,0
BRDA:1380,72,1,0
BRDA:1390,73,0,0
BRDA:1390,73,1,0
BRDA:1405,74,0,0
BRDA:1405,74,1,0
BRDA:1405,75,0,0
BRDA:1405,75,1,0
BRDA:1415,76,0,0
BRDA:1415,76,1,0
BRDA:1415,77,0,0
BRDA:1415,77,1,0
BRDA:1419,78,0,0
BRDA:1419,78,1,0
BRDA:1424,79,0,0
BRDA:1424,79,1,0
BRDA:1424,80,0,0
BRDA:1424,80,1,0
BRDA:1426,81,0,0
BRDA:1426,81,1,0
BRDA:1427,82,0,0
BRDA:1427,82,1,0
BRDA:1433,83,0,0
BRDA:1433,83,1,0
BRDA:1436,84,0,0
BRDA:1436,84,1,0
BRDA:1439,85,0,0
BRDA:1439,85,1,0
BRDA:1440,86,0,0
BRDA:1440,86,1,0
BRDA:1444,87,0,0
BRDA:1444,87,1,0
BRDA:1449,88,0,0
BRDA:1449,88,1,0
BRDA:1454,89,0,0
BRDA:1454,89,1,0
BRDA:1461,90,0,0
BRDA:1461,90,1,0
BRDA:1473,91,0,0
BRDA:1473,91,1,0
BRDA:1489,92,0,0
BRDA:1489,92,1,0
BRDA:1491,93,0,0
BRDA:1491,93,1,0
BRDA:1491,94,0,0
BRDA:1491,94,1,0
BRDA:1501,95,0,0
BRDA:1501,95,1,0
BRDA:1501,96,0,0
BRDA:1501,96,1,0
BRDA:1588,97,0,0
BRDA:1588,97,1,0
BRDA:1594,98,0,0
BRDA:1594,98,1,0
BRDA:1595,99,0,0
BRDA:1595,99,1,0
BRDA:1612,100,0,0
BRDA:1612,100,1,0
BRDA:1613,101,0,0
BRDA:1613,101,1,0
BRDA:1614,102,0,0
BRDA:1614,102,1,0
BRDA:1615,103,0,0
BRDA:1615,103,1,0
BRDA:1616,104,0,0
BRDA:1616,104,1,0
BRDA:1617,105,0,0
BRDA:1617,105,1,0
BRDA:1618,106,0,0
BRDA:1618,106,1,0
BRDA:1619,107,0,0
BRDA:1619,107,1,0
BRDA:1620,108,0,0
BRDA:1620,108,1,0
BRDA:1622,109,0,0
BRDA:1622,109,1,0
BRDA:1623,110,0,0
BRDA:1623,110,1,0
BRDA:1624,111,0,0
BRDA:1624,111,1,0
BRDA:1625,112,0,0
BRDA:1625,112,1,0
BRDA:1626,113,0,0
BRDA:1626,113,1,0
BRDA:1627,114,0,0
BRDA:1627,114,1,0
BRDA:1628,115,0,0
BRDA:1628,115,1,0
BRDA:1629,116,0,0
BRDA:1629,116,1,0
BRDA:1630,117,0,0
BRDA:1630,117,1,0
BRDA:1678,118,0,0
BRDA:1678,118,1,0
BRDA:1680,119,0,0
BRDA:1680,119,1,0
BRDA:1685,120,0,0
BRDA:1685,120,1,0
BRDA:1685,121,0,0
BRDA:1685,121,1,0
BRDA:1690,122,0,0
BRDA:1690,122,1,0
BRDA:1690,123,0,0
BRDA:1690,123,1,0
BRDA:1696,124,0,0
BRDA:1696,124,1,0
BRDA:1706,125,0,0
BRDA:1706,125,1,0
BRDA:1706,126,0,0
BRDA:1706,126,1,0
BRDA:1713,127,0,0
BRDA:1713,127,1,0
BRDA:1715,128,0,0
BRDA:1715,128,1,0
BRDA:1724,129,0,0
BRDA:1724,129,1,0
BRDA:1725,130,0,0
BRDA:1725,130,1,0
BRDA:1727,131,0,0
BRDA:1727,131,1,0
BRDA:1729,132,0,0
BRDA:1729,132,1,0
BRDA:1731,133,0,0
BRDA:1731,133,1,0
BRDA:1733,134,0,0
BRDA:1733,134,1,0
BRDA:1736,135,0,0
BRDA:1736,135,1,0
BRDA:1737,136,0,0
BRDA:1737,136,1,0
BRDA:1738,137,0,0
BRDA:1738,137,1,0
BRDA:1739,138,0,0
BRDA:1739,138,1,0
BRDA:1740,139,0,0
BRDA:1740,139,1,0
BRDA:1741,140,0,0
BRDA:1741,140,1,0
BRDA:1748,141,0,0
BRDA:1748,141,1,0
BRDA:1752,142,0,0
BRDA:1752,142,1,0
BRDA:1768,143,0,0
BRDA:1768,143,1,0
BRDA:1771,144,0,0
BRDA:1771,144,1,0
BRDA:1771,145,0,0
BRDA:1771,145,1,0
BRDA:1773,146,0,0
BRDA:1773,146,1,0
BRDA:1773,147,0,0
BRDA:1773,147,1,0
BRDA:1775,148,0,0
BRDA:1775,148,1,0
BRDA:1775,149,0,0
BRDA:1775,149,1,0
BRDA:1777,150,0,0
BRDA:1777,150,1,0
BRDA:1777,151,0,0
BRDA:1777,151,1,0
BRDA:1779,152,0,0
BRDA:1779,152,1,0
BRDA:1782,153,0,0
BRDA:1782,153,1,0
BRDA:1782,154,0,0
BRDA:1782,154,1,0
BRDA:1785,155,0,0
BRDA:1785,155,1,0
BRDA:1785,156,0,0
BRDA:1785,156,1,0
BRDA:1788,157,0,0
BRDA:1788,157,1,0
BRDA:1790,158,0,0
BRDA:1790,158,1,0
BRDA:1791,159,0,0
BRDA:1791,159,1,0
BRDA:1897,160,0,0
BRDA:1897,160,1,0
BRDA:1897,161,0,0
BRDA:1897,161,1,0
BRDA:1917,162,0,0
BRDA:1917,162,1,0
BRDA:1927,163,0,0
BRDA:1927,163,1,0
BRDA:1927,164,0,0
BRDA:1927,164,1,0
BRDA:1932,165,0,0
BRDA:1932,165,1,0
BRDA:1932,166,0,0
BRDA:1932,166,1,0
BRDA:1937,167,0,0
BRDA:1937,167,1,0
BRDA:1942,168,0,0
BRDA:1942,168,1,0
BRDA:1960,169,0,0
BRDA:1960,169,1,0
BRDA:1960,170,0,0
BRDA:1960,170,1,0
BRDA:1964,171,0,0
BRDA:1964,171,1,0
BRDA:1971,172,0,0
BRDA:1971,172,1,0
BRDA:1980,173,0,0
BRDA:1980,173,1,0
BRDA:2012,174,0,0
BRDA:2012,174,1,0
BRDA:2012,175,0,0
BRDA:2012,175,1,0
BRDA:2013,176,0,0
BRDA:2013,176,1,0
BRDA:2026,177,0,0
BRDA:2026,177,1,0
BRDA:2027,178,0,0
BRDA:2027,178,1,0
BRDA:2029,179,0,0
BRDA:2029,179,1,0
BRDA:2031,180,0,0
BRDA:2031,180,1,0
BRDA:2033,181,0,0
BRDA:2033,181,1,0
BRDA:2035,182,0,0
BRDA:2035,182,1,0
BRDA:2038,183,0,0
BRDA:2038,183,1,0
BRDA:2039,184,0,0
BRDA:2039,184,1,0
BRDA:2040,185,0,0
BRDA:2040,185,1,0
BRDA:2041,186,0,0
BRDA:2041,186,1,0
BRDA:2042,187,0,0
BRDA:2042,187,1,0
BRDA:2043,188,0,0
BRDA:2043,188,1,0
BRDA:2046,189,0,0
BRDA:2046,189,1,0
BRDA:2048,190,0,0
BRDA:2048,190,1,0
BRDA:2049,191,0,0
BRDA:2049,191,1,0
BRDA:2058,192,0,0
BRDA:2058,192,1,0
BRF:399
BRH:0
end_of_record
TN:
SF:js/utils.js
FN:12,(anonymous_0)
FN:28,(anonymous_1)
FN:29,(anonymous_2)
FN:43,(anonymous_3)
FN:81,(anonymous_4)
FN:86,(anonymous_5)
FN:121,(anonymous_6)
FN:135,(anonymous_7)
FN:160,(anonymous_8)
FN:181,(anonymous_9)
FN:223,(anonymous_10)
FN:232,(anonymous_11)
FN:243,(anonymous_12)
FN:253,(anonymous_13)
FN:265,(anonymous_14)
FN:277,(anonymous_15)
FN:286,(anonymous_16)
FN:297,(anonymous_17)
FN:304,(anonymous_18)
FN:311,(anonymous_19)
FN:319,(anonymous_20)
FN:330,(anonymous_21)
FN:338,(anonymous_22)
FN:350,(anonymous_23)
FN:358,(anonymous_24)
FN:366,(anonymous_25)
FN:373,(anonymous_26)
FN:382,(anonymous_27)
FN:397,(anonymous_28)
FN:409,(anonymous_29)
FN:417,(anonymous_30)
FN:432,(anonymous_31)
FN:450,(anonymous_32)
FN:461,(anonymous_33)
FN:471,(anonymous_34)
FN:482,(anonymous_35)
FN:498,(anonymous_36)
FN:512,(anonymous_37)
FN:527,(anonymous_38)
FN:543,(anonymous_39)
FN:552,(anonymous_40)
FN:565,(anonymous_41)
FN:589,(anonymous_42)
FN:611,(anonymous_43)
FN:622,(anonymous_44)
FN:633,(anonymous_45)
FN:647,(anonymous_46)
FN:649,executedFunction
FN:650,(anonymous_48)
FN:665,(anonymous_49)
FN:667,(anonymous_50)
FN:671,(anonymous_51)
FN:682,(anonymous_52)
FN:695,(anonymous_53)
FN:698,(anonymous_54)
FNF:55
FNH:4
FNDA:150,(anonymous_0)
FNDA:0,(anonymous_1)
FNDA:0,(anonymous_2)
FNDA:0,(anonymous_3)
FNDA:0,(anonymous_4)
FNDA:0,(anonymous_5)
FNDA:0,(anonymous_6)
FNDA:2,(anonymous_7)
FNDA:0,(anonymous_8)
FNDA:0,(anonymous_9)
FNDA:6,(anonymous_10)
FNDA:6,(anonymous_11)
FNDA:0,(anonymous_12)
FNDA:0,(anonymous_13)
FNDA:0,(anonymous_14)
FNDA:0,(anonymous_15)
FNDA:0,(anonymous_16)
FNDA:0,(anonymous_17)
FNDA:0,(anonymous_18)
FNDA:0,(anonymous_19)
FNDA:0,(anonymous_20)
FNDA:0,(anonymous_21)
FNDA:0,(anonymous_22)
FNDA:0,(anonymous_23)
FNDA:0,(anonymous_24)
FNDA:0,(anonymous_25)
FNDA:0,(anonymous_26)
FNDA:0,(anonymous_27)
FNDA:0,(anonymous_28)
FNDA:0,(anonymous_29)
FNDA:0,(anonymous_30)
FNDA:0,(anonymous_31)
FNDA:0,(anonymous_32)
FNDA:0,(anonymous_33)
FNDA:0,(anonymous_34)
FNDA:0,(anonymous_35)
FNDA:0,(anonymous_36)
FNDA:0,(anonymous_37)
FNDA:0,(anonymous_38)
FNDA:0,(anonymous_39)
FNDA:0,(anonymous_40)
FNDA:0,(anonymous_41)
FNDA:0,(anonymous_42)
FNDA:0,(anonymous_43)
FNDA:0,(anonymous_44)
FNDA:0,(anonymous_45)
FNDA:0,(anonymous_46)
FNDA:0,executedFunction
FNDA:0,(anonymous_48)
FNDA:0,(anonymous_49)
FNDA:0,(anonymous_50)
FNDA:0,(anonymous_51)
FNDA:0,(anonymous_52)
FNDA:0,(anonymous_53)
FNDA:0,(anonymous_54)
DA:12,4
DA:13,150
DA:14,150
DA:28,4
DA:29,0
DA:30,0
DA:31,0
DA:33,0
DA:43,4
DA:44,0
DA:45,0
DA:46,0
DA:48,0
DA:49,0
DA:52,0
DA:54,0
DA:55,0
DA:57,0
DA:58,0
DA:59,0
DA:61,0
DA:62,0
DA:64,0
DA:65,0
DA:67,0
DA:68,0
DA:70,0
DA:73,0
DA:81,4
DA:82,0
DA:83,0
DA:84,0
DA:86,0
DA:87,0
DA:88,0
DA:89,0
DA:90,0
DA:91,0
DA:92,0
DA:97,0
DA:98,0
DA:100,0
DA:101,0
DA:102,0
DA:103,0
DA:104,0
DA:107,0
DA:121,4
DA:122,0
DA:123,0
DA:135,4
DA:136,2
DA:137,2
DA:138,2
DA:141,2
DA:142,0
DA:143,0
DA:144,0
DA:145,0
DA:147,2
DA:148,2
DA:149,2
DA:150,2
DA:152,2
DA:160,4
DA:161,0
DA:162,0
DA:163,0
DA:164,0
DA:165,0
DA:166,0
DA:167,0
DA:168,0
DA:181,4
DA:190,0
DA:191,0
DA:193,0
DA:194,0
DA:195,0
DA:196,0
DA:197,0
DA:198,0
DA:201,0
DA:205,0
DA:206,0
DA:208,0
DA:209,0
DA:223,6
DA:232,6
DA:243,4
DA:244,0
DA:253,4
DA:254,0
DA:255,0
DA:256,0
DA:265,4
DA:266,0
DA:267,0
DA:268,0
DA:277,4
DA:278,0
DA:286,4
DA:287,0
DA:288,0
DA:289,0
DA:297,4
DA:304,4
DA:311,4
DA:312,0
DA:319,4
DA:320,0
DA:321,0
DA:330,4
DA:338,4
DA:350,4
DA:358,4
DA:359,0
DA:366,4
DA:373,4
DA:374,0
DA:382,4
DA:383,0
DA:384,0
DA:385,0
DA:397,4
DA:398,0
DA:399,0
DA:409,4
DA:417,4
DA:418,0
DA:419,0
DA:420,0
DA:432,4
DA:434,0
DA:435,0
DA:436,0
DA:437,0
DA:438,0
DA:439,0
DA:450,4
DA:451,0
DA:452,0
DA:453,0
DA:461,4
DA:462,0
DA:471,4
DA:472,0
DA:482,4
DA:483,0
DA:484,0
DA:498,4
DA:499,0
DA:512,4
DA:513,0
DA:527,4
DA:528,0
DA:529,0
DA:543,4
DA:552,4
DA:565,4
DA:566,0
DA:567,0
DA:568,0
DA:569,0
DA:570,0
DA:589,4
DA:590,0
DA:591,0
DA:592,0
DA:593,0
DA:595,0
DA:597,0
DA:598,0
DA:599,0
DA:601,0
DA:611,4
DA:612,0
DA:622,4
DA:623,0
DA:633,4
DA:634,0
DA:647,4
DA:649,0
DA:650,0
DA:651,0
DA:652,0
DA:654,0
DA:655,0
DA:665,4
DA:667,0
DA:668,0
DA:669,0
DA:670,0
DA:671,0
DA:682,4
DA:683,0
DA:684,0
DA:685,0
DA:686,0
DA:687,0
DA:695,4
DA:696,0
DA:697,0
DA:698,0
DA:699,0
DA:700,0
DA:701,0
DA:702,0
DA:703,0
DA:706,0
DA:708,0
DA:715,4
LF:212
LH:60
BRDA:14,0,0,150
BRDA:14,0,1,0
BRDA:31,1,0,0
BRDA:31,1,1,0
BRDA:54,2,0,0
BRDA:54,2,1,0
BRDA:58,3,0,0
BRDA:58,3,1,0
BRDA:59,4,0,0
BRDA:59,4,1,0
BRDA:59,4,2,0
BRDA:61,5,0,0
BRDA:61,5,1,0
BRDA:87,6,0,0
BRDA:87,6,1,0
BRDA:88,7,0,0
BRDA:88,7,1,0
BRDA:89,8,0,0
BRDA:89,8,1,0
BRDA:90,9,0,0
BRDA:90,9,1,0
BRDA:91,10,0,0
BRDA:91,10,1,0
BRDA:97,11,0,0
BRDA:97,11,1,0
BRDA:100,12,0,0
BRDA:100,12,1,0
BRDA:141,13,0,0
BRDA:141,13,1,2
BRDA:161,14,0,0
BRDA:161,14,1,0
BRDA:162,15,0,0
BRDA:162,15,1,0
BRDA:163,16,0,0
BRDA:163,16,1,0
BRDA:164,17,0,0
BRDA:164,17,1,0
BRDA:165,18,0,0
BRDA:165,18,1,0
BRDA:166,19,0,0
BRDA:166,19,1,0
BRDA:167,20,0,0
BRDA:167,20,1,0
BRDA:185,21,0,0
BRDA:186,22,0,0
BRDA:187,23,0,0
BRDA:190,24,0,0
BRDA:190,24,1,0
BRDA:190,25,0,0
BRDA:190,25,1,0
BRDA:191,26,0,0
BRDA:191,26,1,0
BRDA:191,27,0,0
BRDA:191,27,1,0
BRDA:198,28,0,0
BRDA:198,28,1,0
BRDA:206,29,0,0
BRDA:206,29,1,0
BRDA:321,30,0,0
BRDA:321,30,1,0
BRDA:366,31,0,0
BRDA:382,32,0,0
BRDA:397,33,0,0
BRDA:432,34,0,0
BRDA:432,35,0,0
BRDA:471,36,0,0
BRDA:482,37,0,0
BRDA:527,38,0,0
BRDA:530,39,0,0
BRDA:530,39,1,0
BRDA:530,39,2,0
BRDA:530,39,3,0
BRDA:565,40,0,0
BRDA:571,41,0,0
BRDA:571,41,1,0
BRDA:571,41,2,0
BRDA:571,41,3,0
BRDA:595,42,0,0
BRDA:595,42,1,0
BRDA:668,43,0,0
BRDA:668,43,1,0
BRDA:682,44,0,0
BRDA:684,45,0,0
BRDA:684,45,1,0
BRDA:685,46,0,0
BRDA:685,46,1,0
BRDA:686,47,0,0
BRDA:686,47,1,0
BRDA:696,48,0,0
BRDA:696,48,1,0
BRDA:696,49,0,0
BRDA:696,49,1,0
BRDA:697,50,0,0
BRDA:697,50,1,0
BRDA:698,51,0,0
BRDA:698,51,1,0
BRDA:699,52,0,0
BRDA:699,52,1,0
BRDA:702,53,0,0
BRDA:702,53,1,0
BRF:100
BRH:2
end_of_record
